./a.out:1: MAJOR:C-O1
./main.c:1: MINOR:C-G1
./main.c:1: MINOR:C-L4
./main.c:46: MINOR:C-G2
./main.c:46: MINOR:C-L4
./main.c:46: MAJOR:C-O3
./main.c:48: MINOR:C-G7
./main.c:65: MINOR:C-G7
./main.c:66: MINOR:C-L3
./main.c~:1: MAJOR:C-O1
./my_evil_str.c~:1: MAJOR:C-O1
./my_getnbr.c:10: MAJOR:C-H1
./my_getnbr.c:11: MAJOR:C-H1
./my_getnbr.c:12: MAJOR:C-H1
./my_getnbr.c:20: MINOR:C-L4
./my_getnbr.c:28: MINOR:C-F8
./my_getnbr.c:36: MAJOR:C-C1
./my_getnbr.c:36: MAJOR:C-F4
./my_getnbr.c:37: MAJOR:C-F4
./my_getnbr.c:38: MAJOR:C-F4
./my_getnbr.c:39: MAJOR:C-F4
./my_getnbr.c:40: MAJOR:C-F4
./my_getnbr.c:40: MINOR:C-F8
./my_getnbr.c:41: MAJOR:C-F4
./my_getnbr.c:42: MAJOR:C-F4
./my_getnbr.c:42: MINOR:C-F8
./my_getnbr.c:43: MAJOR:C-F4
./my_getnbr.c:44: MAJOR:C-F4
./my_getnbr.c:45: MAJOR:C-F4
./my_getnbr.c:46: MAJOR:C-F4
./my_getnbr.c:46: MINOR:C-F8
./my_getnbr.c:47: MAJOR:C-F4
./my_getnbr.c:47: MINOR:C-F8
./my_getnbr.c:48: MAJOR:C-F4
./my_getnbr.c:49: MAJOR:C-F4
./my_getnbr.c:50: MAJOR:C-F4
./my_getnbr.c:51: MAJOR:C-F4
./my_getnbr.c~:1: MAJOR:C-O1
./my_putstr.c~:1: MAJOR:C-O1
./my_sort_int_array.c:8: MINOR:C-G8
./my_strlen.c~:1: MAJOR:C-O1
./my_swap.c~:1: MAJOR:C-O1
./test.c~:1: MAJOR:C-O1
