./#my_strupcase.c#:1: MAJOR:C-O1
./main.c:1: MINOR:C-G1
./main.c:1: MINOR:C-L4
./main.c:46: MINOR:C-G2
./main.c:46: MINOR:C-L4
./main.c:46: MAJOR:C-O3
./main.c:48: MINOR:C-F8
./main.c:49: MINOR:C-F8
./main.c:56: MINOR:C-G7
./main.c:57: MINOR:C-F8
./main.c:58: MINOR:C-F8
./main.c:59: MINOR:C-F8
./main.c:61: MINOR:C-F8
./main.c:62: MINOR:C-F8
./main.c:63: MINOR:C-F8
./main.c:67: MAJOR:C-F4
./main.c:67: MINOR:C-G7
./main.c:68: MAJOR:C-F4
./main.c:68: MINOR:C-F8
./main.c:69: MAJOR:C-F4
./main.c:70: MAJOR:C-F4
./main.c:70: MINOR:C-F8
./main.c:70: MINOR:C-L2
./main.c:71: MAJOR:C-F4
./main.c:71: MINOR:C-G7
./main.c:72: MAJOR:C-F4
./main.c:72: MINOR:C-L3
./main.c~:1: MAJOR:C-O1
./my_revstr.c~:1: MAJOR:C-O1
./my_str_isalpha.c~:1: MAJOR:C-O1
./my_strcapitalize.c:12: MINOR:C-G7
./my_strcapitalize.c:24: MINOR:C-G8
./my_strcapitalize.c:25: MINOR:C-G8
./my_strcapitalize.c~:1: MAJOR:C-O1
./my_strcmp.c~:1: MAJOR:C-O1
./my_strcpy.c~:1: MAJOR:C-O1
./my_strlowcase.c~:1: MAJOR:C-O1
./my_strncmp.c~:1: MAJOR:C-O1
./my_strncpy.c~:1: MAJOR:C-O1
./my_strstr.c~:1: MAJOR:C-O1
./my_strupcase.c~:1: MAJOR:C-O1
